/*C12*/SET SCHEMA PUBLIC
DELETE FROM DATABASECHANGELOGLOCK WHERE ID=1
INSERT INTO DATABASECHANGELOGLOCK VALUES(1,TRUE,'2025-03-04 22:50:36.836000','Lenovo-PC (192.168.99.1)')
COMMIT
DELETE FROM DATABASECHANGELOGLOCK WHERE ID=1
INSERT INTO DATABASECHANGELOGLOCK VALUES(1,FALSE,NULL,NULL)
COMMIT
alter table round_robin drop constraint UK_5pfi2glokk8h8o6bdb8svdk3a
alter table round_robin add constraint UK_5pfi2glokk8h8o6bdb8svdk3a unique (username)
INSERT INTO WORD VALUES(82995,'\u043e\u0441\u043b\u0430\u0431\u043b\u044f\u0442\u044c','impair','user')
INSERT INTO VERB VALUES('impaired','impaired',82995)
INSERT INTO TRANSLATION VALUES(82996,'\u043e\u0441\u043b\u0430\u0431\u043b\u044f\u0442\u044c','\u043e\u0431\u0449\u0438\u0439',82995)
ALTER SEQUENCE PUBLIC.HIBERNATE_SEQUENCE RESTART WITH 82997
COMMIT
DELETE FROM TRANSLATION WHERE ID=82996
INSERT INTO TRANSLATION VALUES(82996,'\u043e\u0441\u043b\u0430\u0431\u043b\u044f\u0442\u044c','\u043a\u043d\u0438\u0433\u0438',82995)
COMMIT
INSERT INTO TRANSLATION VALUES(82997,'\u0443\u043c\u0435\u043d\u044c\u0448\u0430\u0442\u044c','\u043a\u043d\u0438\u0433\u0438',82995)
ALTER SEQUENCE PUBLIC.HIBERNATE_SEQUENCE RESTART WITH 82998
COMMIT
INSERT INTO TRANSLATION VALUES(82998,'\u0443\u0445\u0443\u0434\u0448\u0430\u0442\u044c','\u043a\u043d\u0438\u0433\u0438',82995)
ALTER SEQUENCE PUBLIC.HIBERNATE_SEQUENCE RESTART WITH 82999
COMMIT
INSERT INTO TRANSLATION VALUES(82999,'\u043f\u043e\u0440\u0442\u0438\u0442\u044c','\u043a\u043d\u0438\u0433\u0438',82995)
ALTER SEQUENCE PUBLIC.HIBERNATE_SEQUENCE RESTART WITH 83000
COMMIT
INSERT INTO WORD VALUES(83000,'\u043c\u043d\u043e\u0433\u043e\u0441\u0442\u043e\u0440\u043e\u043d\u043d\u0438\u0439','versatile','user')
INSERT INTO ADJECTIVE VALUES('versatiler','versatilest',83000)
INSERT INTO TRANSLATION VALUES(83001,'\u043c\u043d\u043e\u0433\u043e\u0441\u0442\u043e\u0440\u043e\u043d\u043d\u0438\u0439','\u043e\u0431\u0449\u0438\u0439',83000)
ALTER SEQUENCE PUBLIC.HIBERNATE_SEQUENCE RESTART WITH 83002
COMMIT
DELETE FROM TRANSLATION WHERE ID=83001
INSERT INTO TRANSLATION VALUES(83001,'\u043c\u043d\u043e\u0433\u043e\u0441\u0442\u043e\u0440\u043e\u043d\u043d\u0438\u0439','\u043a\u043d\u0438\u0433\u0438',83000)
COMMIT
INSERT INTO TRANSLATION VALUES(83002,'\u043d\u0435\u043f\u043e\u0441\u0442\u043e\u044f\u043d\u043d\u044b\u0439','\u043a\u043d\u0438\u0433\u0438',83000)
ALTER SEQUENCE PUBLIC.HIBERNATE_SEQUENCE RESTART WITH 83003
COMMIT
INSERT INTO TRANSLATION VALUES(83003,'\u043c\u043d\u043e\u0433\u043e\u0433\u0440\u0430\u043d\u043d\u044b\u0439','\u043a\u043d\u0438\u0433\u0438',83000)
ALTER SEQUENCE PUBLIC.HIBERNATE_SEQUENCE RESTART WITH 83004
COMMIT
INSERT INTO WORD VALUES(83004,'\u0432\u0441\u043b\u0443\u0445','aloud','user')
INSERT INTO ADVERB VALUES(83004)
INSERT INTO TRANSLATION VALUES(83005,'\u0432\u0441\u043b\u0443\u0445','\u043e\u0431\u0449\u0438\u0439',83004)
ALTER SEQUENCE PUBLIC.HIBERNATE_SEQUENCE RESTART WITH 83006
COMMIT
DELETE FROM TRANSLATION WHERE ID=83005
INSERT INTO TRANSLATION VALUES(83005,'\u0432\u0441\u043b\u0443\u0445','\u043a\u043d\u0438\u0433\u0438',83004)
COMMIT
INSERT INTO TRANSLATION VALUES(83006,'\u0433\u0440\u043e\u043c\u043a\u043e','\u043a\u043d\u0438\u0433\u0438',83004)
ALTER SEQUENCE PUBLIC.HIBERNATE_SEQUENCE RESTART WITH 83007
COMMIT
INSERT INTO WORD VALUES(83007,'\u0432\u0440\u0430\u0436\u0434\u0435\u0431\u043d\u044b\u0439','adverse','user')
INSERT INTO ADJECTIVE VALUES('adverser','adversest',83007)
INSERT INTO TRANSLATION VALUES(83008,'\u0432\u0440\u0430\u0436\u0434\u0435\u0431\u043d\u044b\u0439','\u043e\u0431\u0449\u0438\u0439',83007)
ALTER SEQUENCE PUBLIC.HIBERNATE_SEQUENCE RESTART WITH 83009
COMMIT
DELETE FROM TRANSLATION WHERE ID=83008
INSERT INTO TRANSLATION VALUES(83008,'\u0432\u0440\u0430\u0436\u0434\u0435\u0431\u043d\u044b\u0439','\u043a\u043d\u0438\u0433\u0438',83007)
COMMIT
INSERT INTO TRANSLATION VALUES(83009,'\u043d\u0435\u0431\u043b\u0430\u0433\u043e\u043f\u0440\u0438\u044f\u0442\u043d\u044b\u0439','\u043a\u043d\u0438\u0433\u0438',83007)
ALTER SEQUENCE PUBLIC.HIBERNATE_SEQUENCE RESTART WITH 83010
COMMIT
INSERT INTO TRANSLATION VALUES(83010,'\u0432\u0440\u0435\u0434\u043d\u044b\u0439','\u043a\u043d\u0438\u0433\u0438',83007)
ALTER SEQUENCE PUBLIC.HIBERNATE_SEQUENCE RESTART WITH 83011
COMMIT
INSERT INTO WORD VALUES(83011,'\u0432\u043e\u0441\u043f\u0438\u0442\u044b\u0432\u0430\u0442\u044c','foster','user')
INSERT INTO VERB VALUES('fostered','fostered',83011)
INSERT INTO TRANSLATION VALUES(83012,'\u0432\u043e\u0441\u043f\u0438\u0442\u044b\u0432\u0430\u0442\u044c','\u043e\u0431\u0449\u0438\u0439',83011)
ALTER SEQUENCE PUBLIC.HIBERNATE_SEQUENCE RESTART WITH 83013
COMMIT
DELETE FROM TRANSLATION WHERE ID=83012
INSERT INTO TRANSLATION VALUES(83012,'\u0432\u043e\u0441\u043f\u0438\u0442\u044b\u0432\u0430\u0442\u044c','\u043a\u043d\u0438\u0433\u0438',83011)
COMMIT
INSERT INTO TRANSLATION VALUES(83013,'\u0431\u043b\u0430\u0433\u043e\u043f\u0440\u0438\u044f\u0442\u0441\u0442\u0432\u043e\u0432\u0430\u0442\u044c','\u043a\u043d\u0438\u0433\u0438',83011)
ALTER SEQUENCE PUBLIC.HIBERNATE_SEQUENCE RESTART WITH 83014
COMMIT
INSERT INTO TRANSLATION VALUES(83014,'\u043f\u043e\u043e\u0449\u0440\u044f\u0442\u044c','\u043a\u043d\u0438\u0433\u0438',83011)
ALTER SEQUENCE PUBLIC.HIBERNATE_SEQUENCE RESTART WITH 83015
COMMIT
INSERT INTO WORD VALUES(83015,'\u043f\u0440\u0438\u0451\u043c\u043d\u044b\u0439','foster','user')
INSERT INTO TRANSLATION VALUES(83016,'\u043f\u0440\u0438\u0451\u043c\u043d\u044b\u0439','\u043e\u0431\u0449\u0438\u0439',83015)
ALTER SEQUENCE PUBLIC.HIBERNATE_SEQUENCE RESTART WITH 83017
COMMIT
DELETE FROM TRANSLATION WHERE ID=83016
INSERT INTO TRANSLATION VALUES(83016,'\u043f\u0440\u0438\u0451\u043c\u043d\u044b\u0439','\u043a\u043d\u0438\u0433\u0438',83015)
COMMIT
INSERT INTO WORD VALUES(83017,'\u043d\u0430\u0440\u0443\u0448\u0430\u0442\u044c','infringe','user')
INSERT INTO VERB VALUES('infringed','infringed',83017)
INSERT INTO TRANSLATION VALUES(83018,'\u043d\u0430\u0440\u0443\u0448\u0430\u0442\u044c','\u043e\u0431\u0449\u0438\u0439',83017)
ALTER SEQUENCE PUBLIC.HIBERNATE_SEQUENCE RESTART WITH 83019
COMMIT
DELETE FROM TRANSLATION WHERE ID=83018
INSERT INTO TRANSLATION VALUES(83018,'\u043d\u0430\u0440\u0443\u0448\u0430\u0442\u044c','\u043a\u043d\u0438\u0433\u0438',83017)
COMMIT
INSERT INTO TRANSLATION VALUES(83019,'\u043f\u043e\u0441\u044f\u0433\u0430\u0442\u044c','\u043a\u043d\u0438\u0433\u0438',83017)
ALTER SEQUENCE PUBLIC.HIBERNATE_SEQUENCE RESTART WITH 83020
COMMIT
INSERT INTO TRANSLATION VALUES(83020,'\u0443\u0449\u0435\u043c\u043b\u044f\u0442\u044c','\u043a\u043d\u0438\u0433\u0438',83017)
ALTER SEQUENCE PUBLIC.HIBERNATE_SEQUENCE RESTART WITH 83021
COMMIT
INSERT INTO WORD VALUES(83021,'\u043f\u043e\u0434\u043f\u0438\u0440\u0430\u0442\u044c','sustain','user')
INSERT INTO VERB VALUES('sustained','sustained',83021)
INSERT INTO TRANSLATION VALUES(83022,'\u043f\u043e\u0434\u043f\u0438\u0440\u0430\u0442\u044c','\u043e\u0431\u0449\u0438\u0439',83021)
ALTER SEQUENCE PUBLIC.HIBERNATE_SEQUENCE RESTART WITH 83023
COMMIT
DELETE FROM TRANSLATION WHERE ID=83022
INSERT INTO TRANSLATION VALUES(83022,'\u043f\u043e\u0434\u043f\u0438\u0440\u0430\u0442\u044c','\u043a\u043d\u0438\u0433\u0438',83021)
COMMIT
INSERT INTO TRANSLATION VALUES(83023,'\u043f\u043e\u0434\u0434\u0435\u0440\u0436\u0438\u0432\u0430\u0442\u044c','\u043a\u043d\u0438\u0433\u0438',83021)
ALTER SEQUENCE PUBLIC.HIBERNATE_SEQUENCE RESTART WITH 83024
COMMIT
INSERT INTO TRANSLATION VALUES(83024,'\u0432\u044b\u0434\u0435\u0440\u0436\u0438\u0432\u0430\u0442\u044c','\u043a\u043d\u0438\u0433\u0438',83021)
ALTER SEQUENCE PUBLIC.HIBERNATE_SEQUENCE RESTART WITH 83025
COMMIT
INSERT INTO WORD VALUES(83025,'\u0445\u0432\u0430\u0441\u0442\u0430\u0442\u044c','boast','user')
INSERT INTO VERB VALUES('boasted','boasted',83025)
INSERT INTO TRANSLATION VALUES(83026,'\u0445\u0432\u0430\u0441\u0442\u0430\u0442\u044c','\u043e\u0431\u0449\u0438\u0439',83025)
ALTER SEQUENCE PUBLIC.HIBERNATE_SEQUENCE RESTART WITH 83027
COMMIT
DELETE FROM TRANSLATION WHERE ID=83026
INSERT INTO TRANSLATION VALUES(83026,'\u0445\u0432\u0430\u0441\u0442\u0430\u0442\u044c','\u043a\u043d\u0438\u0433\u0438',83025)
COMMIT
INSERT INTO TRANSLATION VALUES(83027,'\u0445\u0432\u0430\u0441\u0442\u0430\u0442\u044c\u0441\u044f','\u043a\u043d\u0438\u0433\u0438',83025)
ALTER SEQUENCE PUBLIC.HIBERNATE_SEQUENCE RESTART WITH 83028
COMMIT
INSERT INTO WORD VALUES(83028,'\u0445\u0432\u0430\u0441\u0442\u043e\u0432\u0441\u0442\u0432\u043e','boast','user')
INSERT INTO NOUN VALUES('Boasts',83028)
INSERT INTO TRANSLATION VALUES(83029,'\u0445\u0432\u0430\u0441\u0442\u043e\u0432\u0441\u0442\u0432\u043e','\u043e\u0431\u0449\u0438\u0439',83028)
ALTER SEQUENCE PUBLIC.HIBERNATE_SEQUENCE RESTART WITH 83030
COMMIT
DELETE FROM TRANSLATION WHERE ID=83029
INSERT INTO TRANSLATION VALUES(83029,'\u0445\u0432\u0430\u0441\u0442\u043e\u0432\u0441\u0442\u0432\u043e','\u043a\u043d\u0438\u0433\u0438',83028)
COMMIT
INSERT INTO WORD VALUES(83030,'\u0445\u0432\u0430\u0442\u0430\u0442\u044c','tackle','user')
INSERT INTO VERB VALUES('tackled','tackled',83030)
INSERT INTO TRANSLATION VALUES(83031,'\u0445\u0432\u0430\u0442\u0430\u0442\u044c','\u043e\u0431\u0449\u0438\u0439',83030)
ALTER SEQUENCE PUBLIC.HIBERNATE_SEQUENCE RESTART WITH 83032
COMMIT
DELETE FROM TRANSLATION WHERE ID=83031
INSERT INTO TRANSLATION VALUES(83031,'\u0445\u0432\u0430\u0442\u0430\u0442\u044c','\u043a\u043d\u0438\u0433\u0438',83030)
COMMIT
INSERT INTO TRANSLATION VALUES(83032,'\u0441\u0445\u0432\u0430\u0442\u0438\u0442\u044c','\u043a\u043d\u0438\u0433\u0438',83030)
ALTER SEQUENCE PUBLIC.HIBERNATE_SEQUENCE RESTART WITH 83033
COMMIT
INSERT INTO TRANSLATION VALUES(83033,'\u043e\u0442\u0431\u0438\u0440\u0430\u0442\u044c','\u043a\u043d\u0438\u0433\u0438',83030)
ALTER SEQUENCE PUBLIC.HIBERNATE_SEQUENCE RESTART WITH 83034
COMMIT
INSERT INTO WORD VALUES(83034,'\u043f\u0440\u0438\u0441\u043f\u043e\u0441\u043e\u0431\u043b\u0435\u043d\u0438\u0435','tackle','user')
INSERT INTO NOUN VALUES('Tackles',83034)
INSERT INTO TRANSLATION VALUES(83035,'\u043f\u0440\u0438\u0441\u043f\u043e\u0441\u043e\u0431\u043b\u0435\u043d\u0438\u0435','\u043e\u0431\u0449\u0438\u0439',83034)
ALTER SEQUENCE PUBLIC.HIBERNATE_SEQUENCE RESTART WITH 83036
COMMIT
DELETE FROM TRANSLATION WHERE ID=83035
INSERT INTO TRANSLATION VALUES(83035,'\u043f\u0440\u0438\u0441\u043f\u043e\u0441\u043e\u0431\u043b\u0435\u043d\u0438\u0435','\u043a\u043d\u0438\u0433\u0438',83034)
COMMIT
INSERT INTO TRANSLATION VALUES(83036,'\u043e\u0431\u043e\u0440\u0443\u0434\u043e\u0432\u0430\u043d\u0438\u0435','\u043a\u043d\u0438\u0433\u0438',83034)
ALTER SEQUENCE PUBLIC.HIBERNATE_SEQUENCE RESTART WITH 83037
COMMIT
INSERT INTO WORD VALUES(83037,'\u0443\u043f\u0440\u0430\u0432\u043b\u044f\u0442\u044c','steer','user')
INSERT INTO VERB VALUES('steered','steered',83037)
INSERT INTO TRANSLATION VALUES(83038,'\u0443\u043f\u0440\u0430\u0432\u043b\u044f\u0442\u044c','\u043e\u0431\u0449\u0438\u0439',83037)
ALTER SEQUENCE PUBLIC.HIBERNATE_SEQUENCE RESTART WITH 83039
COMMIT
DELETE FROM TRANSLATION WHERE ID=83038
INSERT INTO TRANSLATION VALUES(83038,'\u0443\u043f\u0440\u0430\u0432\u043b\u044f\u0442\u044c','\u043a\u043d\u0438\u0433\u0438',83037)
COMMIT
INSERT INTO TRANSLATION VALUES(83039,'\u043f\u0440\u0430\u0432\u0438\u0442\u044c \u0440\u0443\u043b\u0451\u043c','\u043a\u043d\u0438\u0433\u0438',83037)
ALTER SEQUENCE PUBLIC.HIBERNATE_SEQUENCE RESTART WITH 83040
COMMIT
INSERT INTO WORD VALUES(83040,'\u043d\u0430\u043c\u0451\u043a','steer','user')
INSERT INTO NOUN VALUES('Steers',83040)
INSERT INTO TRANSLATION VALUES(83041,'\u043d\u0430\u043c\u0451\u043a','\u043e\u0431\u0449\u0438\u0439',83040)
ALTER SEQUENCE PUBLIC.HIBERNATE_SEQUENCE RESTART WITH 83042
COMMIT
DELETE FROM TRANSLATION WHERE ID=83041
INSERT INTO TRANSLATION VALUES(83041,'\u043d\u0430\u043c\u0451\u043a','\u043a\u043d\u0438\u0433\u0438',83040)
COMMIT
INSERT INTO TRANSLATION VALUES(83042,'\u043f\u043e\u0434\u0441\u043a\u0430\u0437\u043a\u0430','\u043a\u043d\u0438\u0433\u0438',83040)
ALTER SEQUENCE PUBLIC.HIBERNATE_SEQUENCE RESTART WITH 83043
COMMIT
INSERT INTO WORD VALUES(83043,'\u044d\u0444\u0444\u0435\u043a\u0442\u0438\u0432\u043d\u043e\u0441\u0442\u044c','efficacy','user')
INSERT INTO NOUN VALUES('Efficacies',83043)
INSERT INTO TRANSLATION VALUES(83044,'\u044d\u0444\u0444\u0435\u043a\u0442\u0438\u0432\u043d\u043e\u0441\u0442\u044c','\u043e\u0431\u0449\u0438\u0439',83043)
ALTER SEQUENCE PUBLIC.HIBERNATE_SEQUENCE RESTART WITH 83045
COMMIT
DELETE FROM TRANSLATION WHERE ID=83044
INSERT INTO TRANSLATION VALUES(83044,'\u044d\u0444\u0444\u0435\u043a\u0442\u0438\u0432\u043d\u043e\u0441\u0442\u044c','\u043a\u043d\u0438\u0433\u0438',83043)
COMMIT
INSERT INTO TRANSLATION VALUES(83045,'\u0441\u0438\u043b\u0430','\u043a\u043d\u0438\u0433\u0438',83043)
ALTER SEQUENCE PUBLIC.HIBERNATE_SEQUENCE RESTART WITH 83046
COMMIT
INSERT INTO TRANSLATION VALUES(83046,'\u0434\u0435\u0439\u0441\u0442\u0432\u0435\u043d\u043d\u043e\u0441\u0442\u044c','\u043a\u043d\u0438\u0433\u0438',83043)
ALTER SEQUENCE PUBLIC.HIBERNATE_SEQUENCE RESTART WITH 83047
COMMIT
INSERT INTO WORD VALUES(83047,'\u0448\u0430\u0440\u043d\u0438\u0440','hinge','user')
INSERT INTO NOUN VALUES('Hinges',83047)
INSERT INTO TRANSLATION VALUES(83048,'\u0448\u0430\u0440\u043d\u0438\u0440','\u043e\u0431\u0449\u0438\u0439',83047)
ALTER SEQUENCE PUBLIC.HIBERNATE_SEQUENCE RESTART WITH 83049
COMMIT
DELETE FROM TRANSLATION WHERE ID=83048
INSERT INTO TRANSLATION VALUES(83048,'\u0448\u0430\u0440\u043d\u0438\u0440','\u043a\u043d\u0438\u0433\u0438',83047)
COMMIT
INSERT INTO TRANSLATION VALUES(83049,'\u043f\u0435\u0442\u043b\u044f','\u043a\u043d\u0438\u0433\u0438',83047)
ALTER SEQUENCE PUBLIC.HIBERNATE_SEQUENCE RESTART WITH 83050
COMMIT
INSERT INTO WORD VALUES(83050,'\u043f\u0440\u0438\u043a\u0440\u0435\u043f\u043b\u044f\u0442\u044c \u043d\u0430 \u043f\u0435\u0442\u043b\u044f\u0445','hinge','user')
INSERT INTO VERB VALUES('hinged','hinged',83050)
INSERT INTO TRANSLATION VALUES(83051,'\u043f\u0440\u0438\u043a\u0440\u0435\u043f\u043b\u044f\u0442\u044c \u043d\u0430 \u043f\u0435\u0442\u043b\u044f\u0445','\u043e\u0431\u0449\u0438\u0439',83050)
ALTER SEQUENCE PUBLIC.HIBERNATE_SEQUENCE RESTART WITH 83052
COMMIT
DELETE FROM TRANSLATION WHERE ID=83051
INSERT INTO TRANSLATION VALUES(83051,'\u043f\u0440\u0438\u043a\u0440\u0435\u043f\u043b\u044f\u0442\u044c \u043d\u0430 \u043f\u0435\u0442\u043b\u044f\u0445','\u043a\u043d\u0438\u0433\u0438',83050)
COMMIT
INSERT INTO WORD VALUES(83052,'\u0449\u0438\u043f\u043e\u043a','tweak','user')
INSERT INTO NOUN VALUES('Tweaks',83052)
INSERT INTO TRANSLATION VALUES(83053,'\u0449\u0438\u043f\u043e\u043a','\u043e\u0431\u0449\u0438\u0439',83052)
ALTER SEQUENCE PUBLIC.HIBERNATE_SEQUENCE RESTART WITH 83054
COMMIT
DELETE FROM TRANSLATION WHERE ID=83053
INSERT INTO TRANSLATION VALUES(83053,'\u0449\u0438\u043f\u043e\u043a','\u043a\u043d\u0438\u0433\u0438',83052)
COMMIT
INSERT INTO WORD VALUES(83054,'\u0443\u0449\u0435\u043f\u043d\u0443\u0442\u044c','tweak','user')
INSERT INTO VERB VALUES('tweaked','tweaked',83054)
INSERT INTO TRANSLATION VALUES(83055,'\u0443\u0449\u0435\u043f\u043d\u0443\u0442\u044c','\u043e\u0431\u0449\u0438\u0439',83054)
ALTER SEQUENCE PUBLIC.HIBERNATE_SEQUENCE RESTART WITH 83056
COMMIT
DELETE FROM TRANSLATION WHERE ID=83055
INSERT INTO TRANSLATION VALUES(83055,'\u0443\u0449\u0435\u043f\u043d\u0443\u0442\u044c','\u043a\u043d\u0438\u0433\u0438',83054)
COMMIT
INSERT INTO WORD VALUES(83056,'\u0443\u043f\u0440\u044f\u0436','harness','user')
INSERT INTO NOUN VALUES('Harnesses',83056)
INSERT INTO TRANSLATION VALUES(83057,'\u0443\u043f\u0440\u044f\u0436','\u043e\u0431\u0449\u0438\u0439',83056)
ALTER SEQUENCE PUBLIC.HIBERNATE_SEQUENCE RESTART WITH 83058
COMMIT
DELETE FROM TRANSLATION WHERE ID=83057
INSERT INTO TRANSLATION VALUES(83057,'\u0443\u043f\u0440\u044f\u0436','\u043a\u043d\u0438\u0433\u0438',83056)
COMMIT
INSERT INTO TRANSLATION VALUES(83058,'\u0441\u0431\u0440\u0443\u044f','\u043a\u043d\u0438\u0433\u0438',83056)
ALTER SEQUENCE PUBLIC.HIBERNATE_SEQUENCE RESTART WITH 83059
COMMIT
INSERT INTO WORD VALUES(83059,'\u0432\u043f\u0440\u044f\u0433\u0430\u0442\u044c','harness','user')
INSERT INTO VERB VALUES('harnessed','harnessed',83059)
INSERT INTO TRANSLATION VALUES(83060,'\u0432\u043f\u0440\u044f\u0433\u0430\u0442\u044c','\u043e\u0431\u0449\u0438\u0439',83059)
ALTER SEQUENCE PUBLIC.HIBERNATE_SEQUENCE RESTART WITH 83061
COMMIT
DELETE FROM TRANSLATION WHERE ID=83060
INSERT INTO TRANSLATION VALUES(83060,'\u0432\u043f\u0440\u044f\u0433\u0430\u0442\u044c','\u043a\u043d\u0438\u0433\u0438',83059)
COMMIT
INSERT INTO WORD VALUES(83061,'\u0438\u043c\u0443\u0449\u0435\u0441\u0442\u0432\u043e','asset','user')
INSERT INTO NOUN VALUES('Assets',83061)
INSERT INTO TRANSLATION VALUES(83062,'\u0438\u043c\u0443\u0449\u0435\u0441\u0442\u0432\u043e','\u043e\u0431\u0449\u0438\u0439',83061)
ALTER SEQUENCE PUBLIC.HIBERNATE_SEQUENCE RESTART WITH 83063
COMMIT
DELETE FROM TRANSLATION WHERE ID=83062
INSERT INTO TRANSLATION VALUES(83062,'\u0438\u043c\u0443\u0449\u0435\u0441\u0442\u0432\u043e','\u043a\u043d\u0438\u0433\u0438',83061)
COMMIT
INSERT INTO TRANSLATION VALUES(83063,'\u0446\u0435\u043d\u043d\u044b\u0439 \u0432\u043a\u043b\u0430\u0434','\u043a\u043d\u0438\u0433\u0438',83061)
ALTER SEQUENCE PUBLIC.HIBERNATE_SEQUENCE RESTART WITH 83064
COMMIT
INSERT INTO WORD VALUES(83064,'\u0433\u043b\u043e\u0442\u0430\u0442\u044c','ingest','user')
INSERT INTO VERB VALUES('ingested','ingested',83064)
INSERT INTO TRANSLATION VALUES(83065,'\u0433\u043b\u043e\u0442\u0430\u0442\u044c','\u043e\u0431\u0449\u0438\u0439',83064)
ALTER SEQUENCE PUBLIC.HIBERNATE_SEQUENCE RESTART WITH 83066
COMMIT
DELETE FROM TRANSLATION WHERE ID=83065
INSERT INTO TRANSLATION VALUES(83065,'\u0433\u043b\u043e\u0442\u0430\u0442\u044c','\u043a\u043d\u0438\u0433\u0438',83064)
COMMIT
INSERT INTO TRANSLATION VALUES(83066,'\u0432\u043f\u0438\u0442\u044b\u0432\u0430\u0442\u044c','\u043a\u043d\u0438\u0433\u0438',83064)
ALTER SEQUENCE PUBLIC.HIBERNATE_SEQUENCE RESTART WITH 83067
COMMIT
/*C21*/SET SCHEMA PUBLIC
DISCONNECT
/*C17*/SET SCHEMA PUBLIC
DISCONNECT
/*C12*/DISCONNECT
/*C19*/SET SCHEMA PUBLIC
DISCONNECT
/*C14*/SET SCHEMA PUBLIC
DISCONNECT
/*C16*/SET SCHEMA PUBLIC
DISCONNECT
/*C13*/SET SCHEMA PUBLIC
INSERT INTO WORD VALUES(83067,'\u043f\u043e\u0440\u0442\u043d\u043e\u0439','tailor','user')
INSERT INTO NOUN VALUES('Tailors',83067)
INSERT INTO TRANSLATION VALUES(83068,'\u043f\u043e\u0440\u0442\u043d\u043e\u0439','\u043e\u0431\u0449\u0438\u0439',83067)
ALTER SEQUENCE PUBLIC.HIBERNATE_SEQUENCE RESTART WITH 83069
COMMIT
/*C18*/SET SCHEMA PUBLIC
DISCONNECT
/*C13*/DELETE FROM TRANSLATION WHERE ID=83068
INSERT INTO TRANSLATION VALUES(83068,'\u043f\u043e\u0440\u0442\u043d\u043e\u0439','\u043a\u043d\u0438\u0433\u0438',83067)
COMMIT
/*C15*/SET SCHEMA PUBLIC
DISCONNECT
/*C13*/DISCONNECT
/*C20*/SET SCHEMA PUBLIC
DISCONNECT
/*C22*/SET SCHEMA PUBLIC
INSERT INTO WORD VALUES(83069,'\u0448\u0438\u0442\u044c','tailor','user')
INSERT INTO VERB VALUES('tailored','tailored',83069)
INSERT INTO TRANSLATION VALUES(83070,'\u0448\u0438\u0442\u044c','\u043e\u0431\u0449\u0438\u0439',83069)
ALTER SEQUENCE PUBLIC.HIBERNATE_SEQUENCE RESTART WITH 83071
COMMIT
DELETE FROM TRANSLATION WHERE ID=83070
INSERT INTO TRANSLATION VALUES(83070,'\u0448\u0438\u0442\u044c','\u043a\u043d\u0438\u0433\u0438',83069)
COMMIT
INSERT INTO WORD VALUES(83071,'\u043f\u043e\u0441\u0442\u0430\u0432\u043b\u044f\u0442\u044c','cater','user')
INSERT INTO VERB VALUES('catered','catered',83071)
INSERT INTO TRANSLATION VALUES(83072,'\u043f\u043e\u0441\u0442\u0430\u0432\u043b\u044f\u0442\u044c','\u043e\u0431\u0449\u0438\u0439',83071)
ALTER SEQUENCE PUBLIC.HIBERNATE_SEQUENCE RESTART WITH 83073
COMMIT
DELETE FROM TRANSLATION WHERE ID=83072
INSERT INTO TRANSLATION VALUES(83072,'\u043f\u043e\u0441\u0442\u0430\u0432\u043b\u044f\u0442\u044c','\u043a\u043d\u0438\u0433\u0438',83071)
COMMIT
INSERT INTO TRANSLATION VALUES(83073,'\u043e\u0431\u0441\u043b\u0443\u0436\u0438\u0432\u0430\u0442\u044c','\u043a\u043d\u0438\u0433\u0438',83071)
ALTER SEQUENCE PUBLIC.HIBERNATE_SEQUENCE RESTART WITH 83074
COMMIT
INSERT INTO TRANSLATION VALUES(83074,'\u0443\u0433\u043e\u0436\u0434\u0430\u0442\u044c','\u043a\u043d\u0438\u0433\u0438',83071)
ALTER SEQUENCE PUBLIC.HIBERNATE_SEQUENCE RESTART WITH 83075
COMMIT
INSERT INTO WORD VALUES(83075,'\u0438\u0437\u0432\u043b\u0435\u043a\u0430\u0442\u044c','elicit','user')
INSERT INTO VERB VALUES('elicited','elicited',83075)
INSERT INTO TRANSLATION VALUES(83076,'\u0438\u0437\u0432\u043b\u0435\u043a\u0430\u0442\u044c','\u043e\u0431\u0449\u0438\u0439',83075)
ALTER SEQUENCE PUBLIC.HIBERNATE_SEQUENCE RESTART WITH 83077
COMMIT
DELETE FROM TRANSLATION WHERE ID=83076
INSERT INTO TRANSLATION VALUES(83076,'\u0438\u0437\u0432\u043b\u0435\u043a\u0430\u0442\u044c','\u043a\u043d\u0438\u0433\u0438',83075)
COMMIT
INSERT INTO TRANSLATION VALUES(83077,'\u0434\u0435\u043b\u0430\u0442\u044c \u0432\u044b\u0432\u043e\u0434\u044b','\u043a\u043d\u0438\u0433\u0438',83075)
ALTER SEQUENCE PUBLIC.HIBERNATE_SEQUENCE RESTART WITH 83078
COMMIT
INSERT INTO TRANSLATION VALUES(83078,'\u0443\u0441\u0442\u0430\u043d\u0430\u0432\u043b\u0438\u0432\u0430\u0442\u044c','\u043a\u043d\u0438\u0433\u0438',83075)
ALTER SEQUENCE PUBLIC.HIBERNATE_SEQUENCE RESTART WITH 83079
COMMIT
INSERT INTO TRANSLATION VALUES(83079,'\u0434\u043e\u0431\u0438\u0432\u0430\u0442\u044c\u0441\u044f','\u043a\u043d\u0438\u0433\u0438',83075)
ALTER SEQUENCE PUBLIC.HIBERNATE_SEQUENCE RESTART WITH 83080
COMMIT
INSERT INTO WORD VALUES(83080,'\u043f\u043b\u0430\u0432\u043a\u0430','fuse','user')
INSERT INTO NOUN VALUES('Fuses',83080)
INSERT INTO TRANSLATION VALUES(83081,'\u043f\u043b\u0430\u0432\u043a\u0430','\u043e\u0431\u0449\u0438\u0439',83080)
ALTER SEQUENCE PUBLIC.HIBERNATE_SEQUENCE RESTART WITH 83082
COMMIT
DELETE FROM TRANSLATION WHERE ID=83081
INSERT INTO TRANSLATION VALUES(83081,'\u043f\u043b\u0430\u0432\u043a\u0430','\u043a\u043d\u0438\u0433\u0438',83080)
COMMIT
INSERT INTO WORD VALUES(83082,'\u043f\u043b\u0430\u0432\u0438\u0442\u044c','fuse','user')
INSERT INTO VERB VALUES('fused','fused',83082)
INSERT INTO TRANSLATION VALUES(83083,'\u043f\u043b\u0430\u0432\u0438\u0442\u044c','\u043e\u0431\u0449\u0438\u0439',83082)
ALTER SEQUENCE PUBLIC.HIBERNATE_SEQUENCE RESTART WITH 83084
COMMIT
DELETE FROM TRANSLATION WHERE ID=83083
INSERT INTO TRANSLATION VALUES(83083,'\u043f\u043b\u0430\u0432\u0438\u0442\u044c','\u043a\u043d\u0438\u0433\u0438',83082)
COMMIT
INSERT INTO WORD VALUES(83084,'\u0432\u0440\u0435\u0434\u043d\u044b\u0439','harmful','user')
INSERT INTO ADJECTIVE VALUES('harmfuler','harmfulest',83084)
INSERT INTO TRANSLATION VALUES(83085,'\u0432\u0440\u0435\u0434\u043d\u044b\u0439','\u043e\u0431\u0449\u0438\u0439',83084)
ALTER SEQUENCE PUBLIC.HIBERNATE_SEQUENCE RESTART WITH 83086
COMMIT
DELETE FROM TRANSLATION WHERE ID=83085
INSERT INTO TRANSLATION VALUES(83085,'\u0432\u0440\u0435\u0434\u043d\u044b\u0439','\u043a\u043d\u0438\u0433\u0438',83084)
COMMIT
INSERT INTO TRANSLATION VALUES(83086,'\u043f\u0430\u0433\u0443\u0431\u043d\u044b\u0439','\u043a\u043d\u0438\u0433\u0438',83084)
ALTER SEQUENCE PUBLIC.HIBERNATE_SEQUENCE RESTART WITH 83087
COMMIT
INSERT INTO TRANSLATION VALUES(83087,'\u0442\u043b\u0435\u0442\u0432\u043e\u0440\u043d\u044b\u0439','\u043a\u043d\u0438\u0433\u0438',83084)
ALTER SEQUENCE PUBLIC.HIBERNATE_SEQUENCE RESTART WITH 83088
COMMIT
INSERT INTO WORD VALUES(83088,'\u0441\u0442\u0440\u0435\u043c\u0438\u0442\u044c\u0441\u044f','aspire','user')
INSERT INTO VERB VALUES('aspired','aspired',83088)
INSERT INTO TRANSLATION VALUES(83089,'\u0441\u0442\u0440\u0435\u043c\u0438\u0442\u044c\u0441\u044f','\u043e\u0431\u0449\u0438\u0439',83088)
ALTER SEQUENCE PUBLIC.HIBERNATE_SEQUENCE RESTART WITH 83090
COMMIT
DELETE FROM TRANSLATION WHERE ID=83089
INSERT INTO TRANSLATION VALUES(83089,'\u0441\u0442\u0440\u0435\u043c\u0438\u0442\u044c\u0441\u044f','\u043a\u043d\u0438\u0433\u0438',83088)
COMMIT
INSERT INTO TRANSLATION VALUES(83090,'\u0434\u043e\u043c\u043e\u0433\u0430\u0442\u044c\u0441\u044f','\u043a\u043d\u0438\u0433\u0438',83088)
ALTER SEQUENCE PUBLIC.HIBERNATE_SEQUENCE RESTART WITH 83091
COMMIT
INSERT INTO WORD VALUES(83091,'\u043f\u043e\u0441\u0442\u043e\u0440\u043e\u043d\u043d\u0438\u0439 \u0447\u0435\u043b\u043e\u0432\u0435\u043a','outlier','user')
INSERT INTO NOUN VALUES('Outliers',83091)
INSERT INTO TRANSLATION VALUES(83092,'\u043f\u043e\u0441\u0442\u043e\u0440\u043e\u043d\u043d\u0438\u0439 \u0447\u0435\u043b\u043e\u0432\u0435\u043a','\u043e\u0431\u0449\u0438\u0439',83091)
ALTER SEQUENCE PUBLIC.HIBERNATE_SEQUENCE RESTART WITH 83093
COMMIT
DELETE FROM TRANSLATION WHERE ID=83092
INSERT INTO TRANSLATION VALUES(83092,'\u043f\u043e\u0441\u0442\u043e\u0440\u043e\u043d\u043d\u0438\u0439 \u0447\u0435\u043b\u043e\u0432\u0435\u043a','\u043a\u043d\u0438\u0433\u0438',83091)
COMMIT
INSERT INTO WORD VALUES(83093,'\u0433\u043b\u0430\u0434\u043a\u0438\u0439','smooth','user')
INSERT INTO ADJECTIVE VALUES('smoother','smoothest',83093)
INSERT INTO TRANSLATION VALUES(83094,'\u0433\u043b\u0430\u0434\u043a\u0438\u0439','\u043e\u0431\u0449\u0438\u0439',83093)
ALTER SEQUENCE PUBLIC.HIBERNATE_SEQUENCE RESTART WITH 83095
COMMIT
DELETE FROM TRANSLATION WHERE ID=83094
INSERT INTO TRANSLATION VALUES(83094,'\u0433\u043b\u0430\u0434\u043a\u0438\u0439','\u043a\u043d\u0438\u0433\u0438',83093)
COMMIT
INSERT INTO TRANSLATION VALUES(83095,'\u0440\u043e\u0432\u043d\u044b\u0439','\u043a\u043d\u0438\u0433\u0438',83093)
ALTER SEQUENCE PUBLIC.HIBERNATE_SEQUENCE RESTART WITH 83096
COMMIT
INSERT INTO WORD VALUES(83096,'\u043d\u0430\u0442\u0438\u0441\u043a','onset','user')
INSERT INTO NOUN VALUES('Onsets',83096)
INSERT INTO TRANSLATION VALUES(83097,'\u043d\u0430\u0442\u0438\u0441\u043a','\u043e\u0431\u0449\u0438\u0439',83096)
ALTER SEQUENCE PUBLIC.HIBERNATE_SEQUENCE RESTART WITH 83098
COMMIT
DELETE FROM TRANSLATION WHERE ID=83097
INSERT INTO TRANSLATION VALUES(83097,'\u043d\u0430\u0442\u0438\u0441\u043a','\u043a\u043d\u0438\u0433\u0438',83096)
COMMIT
INSERT INTO TRANSLATION VALUES(83098,'\u0430\u0442\u0430\u043a\u0430','\u043a\u043d\u0438\u0433\u0438',83096)
ALTER SEQUENCE PUBLIC.HIBERNATE_SEQUENCE RESTART WITH 83099
COMMIT
INSERT INTO WORD VALUES(83099,'\u043c\u0435\u0445\u0430\u043d\u0438\u0437\u043c','machinery','user')
INSERT INTO NOUN VALUES('Machineries',83099)
INSERT INTO TRANSLATION VALUES(83100,'\u043c\u0435\u0445\u0430\u043d\u0438\u0437\u043c','\u043e\u0431\u0449\u0438\u0439',83099)
ALTER SEQUENCE PUBLIC.HIBERNATE_SEQUENCE RESTART WITH 83101
COMMIT
DELETE FROM TRANSLATION WHERE ID=83100
INSERT INTO TRANSLATION VALUES(83100,'\u043c\u0435\u0445\u0430\u043d\u0438\u0437\u043c','\u043a\u043d\u0438\u0433\u0438',83099)
COMMIT
INSERT INTO TRANSLATION VALUES(83101,'\u043c\u0430\u0448\u0438\u043d\u043d\u043e\u0435 \u043e\u0431\u043e\u0440\u0443\u0434\u043e\u0432\u0430\u043d\u0438\u0435','\u043a\u043d\u0438\u0433\u0438',83099)
ALTER SEQUENCE PUBLIC.HIBERNATE_SEQUENCE RESTART WITH 83102
COMMIT
INSERT INTO WORD VALUES(83102,'\u043f\u0430\u0440\u0430\u0437\u0438\u0442','pest','user')
INSERT INTO NOUN VALUES('Pests',83102)
INSERT INTO TRANSLATION VALUES(83103,'\u043f\u0430\u0440\u0430\u0437\u0438\u0442','\u043e\u0431\u0449\u0438\u0439',83102)
ALTER SEQUENCE PUBLIC.HIBERNATE_SEQUENCE RESTART WITH 83104
COMMIT
DELETE FROM TRANSLATION WHERE ID=83103
INSERT INTO TRANSLATION VALUES(83103,'\u043f\u0430\u0440\u0430\u0437\u0438\u0442','\u043a\u043d\u0438\u0433\u0438',83102)
COMMIT
INSERT INTO TRANSLATION VALUES(83104,'\u0432\u0440\u0435\u0434\u0438\u0442\u0435\u043b\u044c','\u043a\u043d\u0438\u0433\u0438',83102)
ALTER SEQUENCE PUBLIC.HIBERNATE_SEQUENCE RESTART WITH 83105
COMMIT
INSERT INTO WORD VALUES(83105,'\u043e\u043f\u0440\u043e\u043a\u0438\u0434\u044b\u0432\u0430\u043d\u0438\u0435','turnover','user')
INSERT INTO NOUN VALUES('Turnovers',83105)
INSERT INTO TRANSLATION VALUES(83106,'\u043e\u043f\u0440\u043e\u043a\u0438\u0434\u044b\u0432\u0430\u043d\u0438\u0435','\u043e\u0431\u0449\u0438\u0439',83105)
ALTER SEQUENCE PUBLIC.HIBERNATE_SEQUENCE RESTART WITH 83107
COMMIT
DELETE FROM TRANSLATION WHERE ID=83106
INSERT INTO TRANSLATION VALUES(83106,'\u043e\u043f\u0440\u043e\u043a\u0438\u0434\u044b\u0432\u0430\u043d\u0438\u0435','\u043a\u043d\u0438\u0433\u0438',83105)
COMMIT
INSERT INTO TRANSLATION VALUES(83107,'\u043e\u0431\u043e\u0440\u043e\u0442','\u043a\u043d\u0438\u0433\u0438',83105)
ALTER SEQUENCE PUBLIC.HIBERNATE_SEQUENCE RESTART WITH 83108
COMMIT
INSERT INTO TRANSLATION VALUES(83108,'\u0442\u0435\u043a\u0443\u0447\u0435\u0441\u0442\u044c \u0440\u0430\u0431\u043e\u0447\u0435\u0439 \u0441\u0438\u043b\u044b','\u043a\u043d\u0438\u0433\u0438',83105)
ALTER SEQUENCE PUBLIC.HIBERNATE_SEQUENCE RESTART WITH 83109
COMMIT
INSERT INTO WORD VALUES(83109,'\u043f\u0440\u043e\u0441\u0435\u0438\u0432\u0430\u0442\u044c','sift','user')
INSERT INTO VERB VALUES('sifted','sifted',83109)
INSERT INTO TRANSLATION VALUES(83110,'\u043f\u0440\u043e\u0441\u0435\u0438\u0432\u0430\u0442\u044c','\u043e\u0431\u0449\u0438\u0439',83109)
ALTER SEQUENCE PUBLIC.HIBERNATE_SEQUENCE RESTART WITH 83111
COMMIT
DELETE FROM TRANSLATION WHERE ID=83110
INSERT INTO TRANSLATION VALUES(83110,'\u043f\u0440\u043e\u0441\u0435\u0438\u0432\u0430\u0442\u044c','\u043a\u043d\u0438\u0433\u0438',83109)
COMMIT
INSERT INTO TRANSLATION VALUES(83111,'\u043e\u0442\u0441\u0435\u0438\u0442\u044c','\u043a\u043d\u0438\u0433\u0438',83109)
ALTER SEQUENCE PUBLIC.HIBERNATE_SEQUENCE RESTART WITH 83112
COMMIT
INSERT INTO WORD VALUES(83112,'\u0437\u0430\u0442\u043e\u043f\u043b\u044f\u0442\u044c','inundate','user')
INSERT INTO VERB VALUES('inundated','inundated',83112)
INSERT INTO TRANSLATION VALUES(83113,'\u0437\u0430\u0442\u043e\u043f\u043b\u044f\u0442\u044c','\u043e\u0431\u0449\u0438\u0439',83112)
ALTER SEQUENCE PUBLIC.HIBERNATE_SEQUENCE RESTART WITH 83114
COMMIT
DELETE FROM TRANSLATION WHERE ID=83113
INSERT INTO TRANSLATION VALUES(83113,'\u0437\u0430\u0442\u043e\u043f\u043b\u044f\u0442\u044c','\u043a\u043d\u0438\u0433\u0438',83112)
COMMIT
INSERT INTO TRANSLATION VALUES(83114,'\u043d\u0430\u0432\u043e\u0434\u043d\u044f\u0442\u044c','\u043a\u043d\u0438\u0433\u0438',83112)
ALTER SEQUENCE PUBLIC.HIBERNATE_SEQUENCE RESTART WITH 83115
COMMIT
INSERT INTO TRANSLATION VALUES(83115,'\u043d\u0430\u043f\u043e\u043b\u043d\u044f\u0442\u044c','\u043a\u043d\u0438\u0433\u0438',83112)
ALTER SEQUENCE PUBLIC.HIBERNATE_SEQUENCE RESTART WITH 83116
COMMIT
INSERT INTO TRANSLATION VALUES(83116,'\u043e\u0441\u044b\u043f\u0430\u0442\u044c','\u043a\u043d\u0438\u0433\u0438',83112)
ALTER SEQUENCE PUBLIC.HIBERNATE_SEQUENCE RESTART WITH 83117
COMMIT
INSERT INTO WORD VALUES(83117,'\u043c\u0435\u0440\u0430','gauge','user')
INSERT INTO NOUN VALUES('Gauges',83117)
INSERT INTO TRANSLATION VALUES(83118,'\u043c\u0435\u0440\u0430','\u043e\u0431\u0449\u0438\u0439',83117)
ALTER SEQUENCE PUBLIC.HIBERNATE_SEQUENCE RESTART WITH 83119
COMMIT
DELETE FROM TRANSLATION WHERE ID=83118
INSERT INTO TRANSLATION VALUES(83118,'\u043c\u0435\u0440\u0430','\u043a\u043d\u0438\u0433\u0438',83117)
COMMIT
INSERT INTO TRANSLATION VALUES(83119,'\u0440\u0430\u0437\u043c\u0435\u0440','\u043a\u043d\u0438\u0433\u0438',83117)
ALTER SEQUENCE PUBLIC.HIBERNATE_SEQUENCE RESTART WITH 83120
COMMIT
INSERT INTO WORD VALUES(83120,'\u0438\u0437\u043c\u0435\u0440\u044f\u0442\u044c','gauge','user')
INSERT INTO VERB VALUES('gauged','gauged',83120)
INSERT INTO TRANSLATION VALUES(83121,'\u0438\u0437\u043c\u0435\u0440\u044f\u0442\u044c','\u043e\u0431\u0449\u0438\u0439',83120)
ALTER SEQUENCE PUBLIC.HIBERNATE_SEQUENCE RESTART WITH 83122
COMMIT
DELETE FROM TRANSLATION WHERE ID=83121
INSERT INTO TRANSLATION VALUES(83121,'\u0438\u0437\u043c\u0435\u0440\u044f\u0442\u044c','\u043a\u043d\u0438\u0433\u0438',83120)
COMMIT
INSERT INTO WORD VALUES(83122,'\u043f\u043e\u0432\u0442\u043e\u0440\u044f\u044e\u0449\u0438\u0439\u0441\u044f','recurring','user')
INSERT INTO TRANSLATION VALUES(83123,'\u043f\u043e\u0432\u0442\u043e\u0440\u044f\u044e\u0449\u0438\u0439\u0441\u044f','\u043e\u0431\u0449\u0438\u0439',83122)
ALTER SEQUENCE PUBLIC.HIBERNATE_SEQUENCE RESTART WITH 83124
COMMIT
DELETE FROM TRANSLATION WHERE ID=83123
INSERT INTO TRANSLATION VALUES(83123,'\u043f\u043e\u0432\u0442\u043e\u0440\u044f\u044e\u0449\u0438\u0439\u0441\u044f','\u043a\u043d\u0438\u0433\u0438',83122)
COMMIT
INSERT INTO TRANSLATION VALUES(83124,'\u0432\u043e\u0437\u0432\u0440\u0430\u0449\u0430\u044e\u0449\u0438\u0439\u0441\u044f','\u043a\u043d\u0438\u0433\u0438',83122)
ALTER SEQUENCE PUBLIC.HIBERNATE_SEQUENCE RESTART WITH 83125
COMMIT
DISCONNECT
/*C23*/SET SCHEMA PUBLIC
DISCONNECT
/*C24*/SET SCHEMA PUBLIC
DISCONNECT
/*C25*/SET SCHEMA PUBLIC
DISCONNECT
/*C26*/SET SCHEMA PUBLIC
DISCONNECT
/*C27*/SET SCHEMA PUBLIC
DISCONNECT
/*C28*/SET SCHEMA PUBLIC
DISCONNECT
/*C29*/SET SCHEMA PUBLIC
DISCONNECT
/*C30*/SET SCHEMA PUBLIC
DISCONNECT
/*C31*/SET SCHEMA PUBLIC
DISCONNECT
